<?xml version="1.0" encoding="UTF-8"?>
<!-- Generated by org.testng.reporters.JUnitReportReporter -->
<testsuite hostname="DESKTOP-M486BAQ" failures="0" tests="2" name="Com.Test.Test_001" time="27.499" errors="0" timestamp="2022-11-29T10:38:45 IST" skipped="0">
  <testcase classname="Com.Test.Test_001" name="verifyTest_001" time="12.106"/>
  <system-out/>
  <testcase classname="Com.Test.Test_001" name="verifyTest_001" time="15.393"/>
  <system-out/>
</testsuite> <!-- Com.Test.Test_001 -->
